<?xml version="1.0" encoding="UTF-8"?>
<testsuite xmlns:xsi="http://www.w3.org/2001/XMLSchema-instance" xsi:noNamespaceSchemaLocation="https://maven.apache.org/surefire/maven-surefire-plugin/xsd/surefire-test-report.xsd" name="com.itbatia.hibernate.service.WriterServiceTest" time="0.038" tests="5" errors="0" skipped="0" failures="0">
  <properties>
[...]
</properties>
  <testcase name="getAllWriters" classname="com.itbatia.hibernate.service.WriterServiceTest" time="0.038"/>
  <testcase name="updateWriter" classname="com.itbatia.hibernate.service.WriterServiceTest" time="0"/>
  <testcase name="deleteWriter" classname="com.itbatia.hibernate.service.WriterServiceTest" time="0"/>
  <testcase name="getWriter" classname="com.itbatia.hibernate.service.WriterServiceTest" time="0"/>
  <testcase name="createWriter" classname="com.itbatia.hibernate.service.WriterServiceTest" time="0"/>
</testsuite>